GAS LISTING /tmp/ccSYaOxH.s 			page 1


   1              		.file	"MemoryAllocator.cpp"
   2              		.option pic
   3              		.option norelax
   4              		.text
   5              	.Ltext0:
   6              		.align	2
   7              		.globl	_ZN15MemoryAllocator9mem_allocEm
   9              	_ZN15MemoryAllocator9mem_allocEm:
  10              	.LFB0:
  11              		.file 1 "src/MemoryAllocator.cpp"
   1:src/MemoryAllocator.cpp **** //
   2:src/MemoryAllocator.cpp **** // Created by os on 4/22/22.
   3:src/MemoryAllocator.cpp **** //
   4:src/MemoryAllocator.cpp **** #include "../h/MemoryAllocator.h"
   5:src/MemoryAllocator.cpp **** 
   6:src/MemoryAllocator.cpp **** 
   7:src/MemoryAllocator.cpp **** 
   8:src/MemoryAllocator.cpp **** 
   9:src/MemoryAllocator.cpp **** void *MemoryAllocator::mem_alloc(size_t size) {
  12              		.loc 1 9 47
  13              		.cfi_startproc
  14              	.LVL0:
  15 0000 130101FF 		addi	sp,sp,-16
  16              		.cfi_def_cfa_offset 16
  17 0004 23341100 		sd	ra,8(sp)
  18 0008 23308100 		sd	s0,0(sp)
  19              		.cfi_offset 1, -8
  20              		.cfi_offset 8, -16
  21 000c 13040101 		addi	s0,sp,16
  22              		.cfi_def_cfa 8, 0
  10:src/MemoryAllocator.cpp ****     return FreeShardList::find_best(size);
  23              		.loc 1 10 5
  24              		.loc 1 10 36 is_stmt 0
  25 0010 97000000 		call	_ZN13FreeShardList9find_bestEm@plt
  25      E7800000 
  26              	.LVL1:
  11:src/MemoryAllocator.cpp **** 
  12:src/MemoryAllocator.cpp **** }
  27              		.loc 1 12 1
  28 0018 83308100 		ld	ra,8(sp)
  29              		.cfi_restore 1
  30 001c 03340100 		ld	s0,0(sp)
  31              		.cfi_restore 8
  32              		.cfi_def_cfa 2, 16
  33 0020 13010101 		addi	sp,sp,16
  34              		.cfi_def_cfa_offset 0
  35 0024 67800000 		jr	ra
  36              		.cfi_endproc
  37              	.LFE0:
  39              		.align	2
  40              		.globl	_ZN15MemoryAllocator8mem_freeEPv
  42              	_ZN15MemoryAllocator8mem_freeEPv:
  43              	.LFB1:
  13:src/MemoryAllocator.cpp **** 
  14:src/MemoryAllocator.cpp **** int MemoryAllocator::mem_free(void * mem) {
  44              		.loc 1 14 43 is_stmt 1
  45              		.cfi_startproc
GAS LISTING /tmp/ccSYaOxH.s 			page 2


  46              	.LVL2:
  47 0028 130101FF 		addi	sp,sp,-16
  48              		.cfi_def_cfa_offset 16
  49 002c 23341100 		sd	ra,8(sp)
  50 0030 23308100 		sd	s0,0(sp)
  51              		.cfi_offset 1, -8
  52              		.cfi_offset 8, -16
  53 0034 13040101 		addi	s0,sp,16
  54              		.cfi_def_cfa 8, 0
  15:src/MemoryAllocator.cpp ****     return FreeShardList::free_memory(mem);
  55              		.loc 1 15 5
  56              		.loc 1 15 38 is_stmt 0
  57 0038 97000000 		call	_ZN13FreeShardList11free_memoryEPv@plt
  57      E7800000 
  58              	.LVL3:
  16:src/MemoryAllocator.cpp **** 
  17:src/MemoryAllocator.cpp **** 
  18:src/MemoryAllocator.cpp **** }
  59              		.loc 1 18 1
  60 0040 83308100 		ld	ra,8(sp)
  61              		.cfi_restore 1
  62 0044 03340100 		ld	s0,0(sp)
  63              		.cfi_restore 8
  64              		.cfi_def_cfa 2, 16
  65 0048 13010101 		addi	sp,sp,16
  66              		.cfi_def_cfa_offset 0
  67 004c 67800000 		jr	ra
  68              		.cfi_endproc
  69              	.LFE1:
  71              	.Letext0:
  72              		.file 2 "src/../h/../lib/hw.h"
  73              		.file 3 "src/../h/../h/syscall_c.h"
  74              		.file 4 "src/../h/FreeShardList.h"
  75              		.file 5 "src/../h/MemoryAllocator.h"
GAS LISTING /tmp/ccSYaOxH.s 			page 3


DEFINED SYMBOLS
                            *ABS*:0000000000000000 MemoryAllocator.cpp
     /tmp/ccSYaOxH.s:9      .text:0000000000000000 _ZN15MemoryAllocator9mem_allocEm
     /tmp/ccSYaOxH.s:13     .text:0000000000000000 .L0 
     /tmp/ccSYaOxH.s:15     .text:0000000000000000 .L0 
     /tmp/ccSYaOxH.s:16     .text:0000000000000004 .L0 
     /tmp/ccSYaOxH.s:19     .text:000000000000000c .L0 
     /tmp/ccSYaOxH.s:20     .text:000000000000000c .L0 
     /tmp/ccSYaOxH.s:22     .text:0000000000000010 .L0 
     /tmp/ccSYaOxH.s:24     .text:0000000000000010 .L0 
     /tmp/ccSYaOxH.s:25     .text:0000000000000010 .L0 
     /tmp/ccSYaOxH.s:28     .text:0000000000000018 .L0 
     /tmp/ccSYaOxH.s:29     .text:000000000000001c .L0 
     /tmp/ccSYaOxH.s:31     .text:0000000000000020 .L0 
     /tmp/ccSYaOxH.s:32     .text:0000000000000020 .L0 
     /tmp/ccSYaOxH.s:34     .text:0000000000000024 .L0 
     /tmp/ccSYaOxH.s:36     .text:0000000000000028 .L0 
     /tmp/ccSYaOxH.s:42     .text:0000000000000028 _ZN15MemoryAllocator8mem_freeEPv
     /tmp/ccSYaOxH.s:45     .text:0000000000000028 .L0 
     /tmp/ccSYaOxH.s:47     .text:0000000000000028 .L0 
     /tmp/ccSYaOxH.s:48     .text:000000000000002c .L0 
     /tmp/ccSYaOxH.s:51     .text:0000000000000034 .L0 
     /tmp/ccSYaOxH.s:52     .text:0000000000000034 .L0 
     /tmp/ccSYaOxH.s:54     .text:0000000000000038 .L0 
     /tmp/ccSYaOxH.s:56     .text:0000000000000038 .L0 
     /tmp/ccSYaOxH.s:57     .text:0000000000000038 .L0 
     /tmp/ccSYaOxH.s:60     .text:0000000000000040 .L0 
     /tmp/ccSYaOxH.s:61     .text:0000000000000044 .L0 
     /tmp/ccSYaOxH.s:63     .text:0000000000000048 .L0 
     /tmp/ccSYaOxH.s:64     .text:0000000000000048 .L0 
     /tmp/ccSYaOxH.s:66     .text:000000000000004c .L0 
     /tmp/ccSYaOxH.s:68     .text:0000000000000050 .L0 
     /tmp/ccSYaOxH.s:76     .text:0000000000000050 .L0 
     /tmp/ccSYaOxH.s:402    .debug_abbrev:0000000000000000 .Ldebug_abbrev0
     /tmp/ccSYaOxH.s:891    .debug_str:000000000000016f .LASF35
     /tmp/ccSYaOxH.s:903    .debug_str:000000000000028e .LASF36
     /tmp/ccSYaOxH.s:909    .debug_str:00000000000002bf .LASF37
     /tmp/ccSYaOxH.s:5      .text:0000000000000000 .Ltext0
     /tmp/ccSYaOxH.s:71     .text:0000000000000050 .Letext0
     /tmp/ccSYaOxH.s:847    .debug_line:0000000000000000 .Ldebug_line0
     /tmp/ccSYaOxH.s:897    .debug_str:000000000000025b .LASF0
     /tmp/ccSYaOxH.s:883    .debug_str:000000000000010e .LASF1
     /tmp/ccSYaOxH.s:877    .debug_str:00000000000000e4 .LASF2
     /tmp/ccSYaOxH.s:861    .debug_str:000000000000004a .LASF4
     /tmp/ccSYaOxH.s:881    .debug_str:00000000000000fc .LASF3
     /tmp/ccSYaOxH.s:853    .debug_str:0000000000000023 .LASF5
     /tmp/ccSYaOxH.s:849    .debug_str:0000000000000000 .LASF6
     /tmp/ccSYaOxH.s:869    .debug_str:0000000000000082 .LASF7
     /tmp/ccSYaOxH.s:899    .debug_str:0000000000000268 .LASF8
     /tmp/ccSYaOxH.s:859    .debug_str:000000000000003c .LASF9
     /tmp/ccSYaOxH.s:925    .debug_str:000000000000033a .LASF10
     /tmp/ccSYaOxH.s:871    .debug_str:0000000000000095 .LASF11
     /tmp/ccSYaOxH.s:919    .debug_str:000000000000031b .LASF12
     /tmp/ccSYaOxH.s:905    .debug_str:00000000000002a6 .LASF13
     /tmp/ccSYaOxH.s:885    .debug_str:0000000000000121 .LASF14
     /tmp/ccSYaOxH.s:865    .debug_str:0000000000000060 .LASF15
     /tmp/ccSYaOxH.s:901    .debug_str:0000000000000278 .LASF16
GAS LISTING /tmp/ccSYaOxH.s 			page 4


     /tmp/ccSYaOxH.s:887    .debug_str:000000000000012d .LASF17
     /tmp/ccSYaOxH.s:915    .debug_str:00000000000002f5 .LASF38
     /tmp/ccSYaOxH.s:863    .debug_str:0000000000000051 .LASF18
     /tmp/ccSYaOxH.s:923    .debug_str:0000000000000335 .LASF19
     /tmp/ccSYaOxH.s:855    .debug_str:000000000000002a .LASF20
     /tmp/ccSYaOxH.s:911    .debug_str:00000000000002e2 .LASF27
     /tmp/ccSYaOxH.s:857    .debug_str:000000000000002f .LASF23
     /tmp/ccSYaOxH.s:889    .debug_str:0000000000000143 .LASF25
     /tmp/ccSYaOxH.s:893    .debug_str:0000000000000233 .LASF21
     /tmp/ccSYaOxH.s:913    .debug_str:00000000000002f0 .LASF22
     /tmp/ccSYaOxH.s:879    .debug_str:00000000000000f2 .LASF29
     /tmp/ccSYaOxH.s:873    .debug_str:00000000000000a4 .LASF31
     /tmp/ccSYaOxH.s:867    .debug_str:0000000000000076 .LASF24
     /tmp/ccSYaOxH.s:895    .debug_str:0000000000000238 .LASF26
     /tmp/ccSYaOxH.s:851    .debug_str:0000000000000013 .LASF28
     /tmp/ccSYaOxH.s:921    .debug_str:000000000000032b .LASF30
     /tmp/ccSYaOxH.s:917    .debug_str:00000000000002fa .LASF32
     /tmp/ccSYaOxH.s:907    .debug_str:00000000000002b6 .LASF33
     /tmp/ccSYaOxH.s:875    .debug_str:00000000000000c3 .LASF34
     /tmp/ccSYaOxH.s:43     .text:0000000000000028 .LFB1
     /tmp/ccSYaOxH.s:69     .text:0000000000000050 .LFE1
     /tmp/ccSYaOxH.s:806    .debug_loc:0000000000000000 .LLST1
     /tmp/ccSYaOxH.s:58     .text:0000000000000040 .LVL3
     /tmp/ccSYaOxH.s:10     .text:0000000000000000 .LFB0
     /tmp/ccSYaOxH.s:37     .text:0000000000000028 .LFE0
     /tmp/ccSYaOxH.s:820    .debug_loc:0000000000000039 .LLST0
     /tmp/ccSYaOxH.s:26     .text:0000000000000018 .LVL1
     /tmp/ccSYaOxH.s:46     .text:0000000000000028 .LVL2
     /tmp/ccSYaOxH.s:14     .text:0000000000000000 .LVL0
     /tmp/ccSYaOxH.s:77     .debug_info:0000000000000000 .Ldebug_info0

UNDEFINED SYMBOLS
_ZN13FreeShardList9find_bestEm
_ZN13FreeShardList11free_memoryEPv
